<?xml version="1.0" encoding="UTF-8"?>
<!-- Generated by org.testng.reporters.JUnitReportReporter -->
<testsuite hostname="DESKTOP-MHTUUKH" failures="0" tests="1" name="Facebooktest.testing" time="21.481" errors="0" timestamp="2022-10-20T21:59:11 PDT" skipped="0">
  <testcase classname="Facebooktest.testing" name="test" time="21.481"/>
  <system-out/>
</testsuite> <!-- Facebooktest.testing -->
